2025-02-27 10:19:43,738 WARNING database DDL Query made to DB:
create table `tabEmployee Separation Template` (
			name varchar(140) primary key,
			creation datetime(6),
			modified datetime(6),
			modified_by varchar(140),
			owner varchar(140),
			docstatus tinyint not null default '0',
			idx int not null default '0',
			`title` varchar(140),
`company` varchar(140),
`department` varchar(140),
`designation` varchar(140),
`employee_grade` varchar(140),
`_user_tags` text,
`_comments` text,
`_assign` text,
`_liked_by` text,
index creation(creation))
			ENGINE=InnoDB
			ROW_FORMAT=DYNAMIC
			CHARACTER SET=utf8mb4
			COLLATE=utf8mb4_unicode_ci
2025-02-27 10:19:43,851 WARNING database DDL Query made to DB:
create table `tabExpense Claim` (
			name varchar(140) primary key,
			creation datetime(6),
			modified datetime(6),
			modified_by varchar(140),
			owner varchar(140),
			docstatus tinyint not null default '0',
			idx int not null default '0',
			`naming_series` varchar(140),
`employee` varchar(140),
`employee_name` varchar(140),
`department` varchar(140),
`company` varchar(140),
`expense_approver` varchar(140),
`approval_status` varchar(140) DEFAULT 'Draft',
`total_sanctioned_amount` decimal(21,9) NOT NULL DEFAULT 0.0,
`total_taxes_and_charges` decimal(21,9) NOT NULL DEFAULT 0.0,
`total_advance_amount` decimal(21,9) NOT NULL DEFAULT 0.0,
`grand_total` decimal(21,9) NOT NULL DEFAULT 0.0,
`total_claimed_amount` decimal(21,9) NOT NULL DEFAULT 0.0,
`total_amount_reimbursed` decimal(21,9) NOT NULL DEFAULT 0.0,
`posting_date` date,
`is_paid` tinyint NOT NULL DEFAULT 0,
`mode_of_payment` varchar(140),
`payable_account` varchar(140),
`clearance_date` date,
`remark` text,
`project` varchar(140),
`cost_center` varchar(140),
`status` varchar(140) DEFAULT 'Draft',
`task` varchar(140),
`amended_from` varchar(140),
`delivery_trip` varchar(140),
`vehicle_log` varchar(140),
`_user_tags` text,
`_comments` text,
`_assign` text,
`_liked_by` text,
index `employee`(`employee`),
index `approval_status`(`approval_status`),
index creation(creation))
			ENGINE=InnoDB
			ROW_FORMAT=DYNAMIC
			CHARACTER SET=utf8mb4
			COLLATE=utf8mb4_unicode_ci
2025-02-27 10:19:43,909 WARNING database DDL Query made to DB:
create table `tabLeave Period` (
			name varchar(140) primary key,
			creation datetime(6),
			modified datetime(6),
			modified_by varchar(140),
			owner varchar(140),
			docstatus tinyint not null default '0',
			idx int not null default '0',
			`from_date` date,
`to_date` date,
`is_active` tinyint NOT NULL DEFAULT 0,
`company` varchar(140),
`optional_holiday_list` varchar(140),
`_user_tags` text,
`_comments` text,
`_assign` text,
`_liked_by` text,
index creation(creation))
			ENGINE=InnoDB
			ROW_FORMAT=DYNAMIC
			CHARACTER SET=utf8mb4
			COLLATE=utf8mb4_unicode_ci
2025-02-27 10:19:43,966 WARNING database DDL Query made to DB:
create table `tabEmployee Training` (
			name varchar(140) primary key,
			creation datetime(6),
			modified datetime(6),
			modified_by varchar(140),
			owner varchar(140),
			docstatus tinyint not null default '0',
			idx int not null default '0',
			`training` varchar(140),
`training_date` date,
parent varchar(140),
parentfield varchar(140),
parenttype varchar(140),
index parent(parent))
			ENGINE=InnoDB
			ROW_FORMAT=DYNAMIC
			CHARACTER SET=utf8mb4
			COLLATE=utf8mb4_unicode_ci
2025-02-27 10:19:44,022 WARNING database DDL Query made to DB:
create table `tabTraining Program` (
			name varchar(140) primary key,
			creation datetime(6),
			modified datetime(6),
			modified_by varchar(140),
			owner varchar(140),
			docstatus tinyint not null default '0',
			idx int not null default '0',
			`training_program` varchar(140) UNIQUE,
`status` varchar(140) DEFAULT 'Scheduled',
`company` varchar(140),
`trainer_name` varchar(140),
`trainer_email` varchar(140),
`supplier` varchar(140),
`contact_number` varchar(140),
`description` longtext,
`amended_from` varchar(140),
`_user_tags` text,
`_comments` text,
`_assign` text,
`_liked_by` text,
index creation(creation))
			ENGINE=InnoDB
			ROW_FORMAT=DYNAMIC
			CHARACTER SET=utf8mb4
			COLLATE=utf8mb4_unicode_ci
2025-02-27 10:19:44,092 WARNING database DDL Query made to DB:
create table `tabGoal` (
			name varchar(140) primary key,
			creation datetime(6),
			modified datetime(6),
			modified_by varchar(140),
			owner varchar(140),
			docstatus tinyint not null default '0',
			idx int not null default '0',
			`goal_name` varchar(140),
`is_group` tinyint NOT NULL DEFAULT 0,
`parent_goal` varchar(140),
`progress` decimal(21,9) NOT NULL DEFAULT 0.0,
`status` varchar(140) DEFAULT 'Pending',
`employee` varchar(140),
`employee_name` varchar(140),
`company` varchar(140),
`user` varchar(140),
`start_date` date,
`end_date` date,
`appraisal_cycle` varchar(140),
`kra` varchar(140),
`description` longtext,
`lft` int NOT NULL DEFAULT 0,
`rgt` int NOT NULL DEFAULT 0,
`old_parent` varchar(140),
`_user_tags` text,
`_comments` text,
`_assign` text,
`_liked_by` text,
index creation(creation))
			ENGINE=InnoDB
			ROW_FORMAT=DYNAMIC
			CHARACTER SET=utf8mb4
			COLLATE=utf8mb4_unicode_ci
2025-02-27 10:19:44,181 WARNING database DDL Query made to DB:
create table `tabJob Offer` (
			name varchar(140) primary key,
			creation datetime(6),
			modified datetime(6),
			modified_by varchar(140),
			owner varchar(140),
			docstatus tinyint not null default '0',
			idx int not null default '0',
			`job_applicant` varchar(140),
`applicant_name` varchar(140),
`applicant_email` varchar(140),
`status` varchar(140),
`offer_date` date,
`designation` varchar(140),
`company` varchar(140),
`job_offer_term_template` varchar(140),
`select_terms` varchar(140),
`terms` longtext,
`letter_head` varchar(140),
`select_print_heading` varchar(140),
`amended_from` varchar(140),
`_user_tags` text,
`_comments` text,
`_assign` text,
`_liked_by` text,
index creation(creation))
			ENGINE=InnoDB
			ROW_FORMAT=DYNAMIC
			CHARACTER SET=utf8mb4
			COLLATE=utf8mb4_unicode_ci
2025-02-27 10:19:44,266 WARNING database DDL Query made to DB:
create table `tabEmployee Checkin` (
			name varchar(140) primary key,
			creation datetime(6),
			modified datetime(6),
			modified_by varchar(140),
			owner varchar(140),
			docstatus tinyint not null default '0',
			idx int not null default '0',
			`employee` varchar(140),
`employee_name` varchar(140),
`log_type` varchar(140),
`shift` varchar(140),
`time` datetime(6),
`device_id` varchar(140),
`skip_auto_attendance` tinyint NOT NULL DEFAULT 0,
`attendance` varchar(140),
`latitude` decimal(21,9) NOT NULL DEFAULT 0.0,
`longitude` decimal(21,9) NOT NULL DEFAULT 0.0,
`geolocation` longtext,
`shift_start` datetime(6),
`shift_end` datetime(6),
`offshift` tinyint NOT NULL DEFAULT 0,
`shift_actual_start` datetime(6),
`shift_actual_end` datetime(6),
`_user_tags` text,
`_comments` text,
`_assign` text,
`_liked_by` text,
index `employee`(`employee`),
index `shift`(`shift`),
index creation(creation))
			ENGINE=InnoDB
			ROW_FORMAT=DYNAMIC
			CHARACTER SET=utf8mb4
			COLLATE=utf8mb4_unicode_ci
2025-02-27 10:19:44,322 WARNING database DDL Query made to DB:
create table `tabAppraisee` (
			name varchar(140) primary key,
			creation datetime(6),
			modified datetime(6),
			modified_by varchar(140),
			owner varchar(140),
			docstatus tinyint not null default '0',
			idx int not null default '0',
			`employee` varchar(140),
`employee_name` varchar(140),
`appraisal_template` varchar(140),
`department` varchar(140),
`designation` varchar(140),
`branch` varchar(140),
parent varchar(140),
parentfield varchar(140),
parenttype varchar(140),
index parent(parent))
			ENGINE=InnoDB
			ROW_FORMAT=DYNAMIC
			CHARACTER SET=utf8mb4
			COLLATE=utf8mb4_unicode_ci
2025-02-27 10:19:44,372 WARNING database DDL Query made to DB:
create table `tabEmployee Boarding Activity` (
			name varchar(140) primary key,
			creation datetime(6),
			modified datetime(6),
			modified_by varchar(140),
			owner varchar(140),
			docstatus tinyint not null default '0',
			idx int not null default '0',
			`activity_name` varchar(140),
`user` varchar(140),
`role` varchar(140),
`begin_on` int NOT NULL DEFAULT 0,
`duration` int NOT NULL DEFAULT 0,
`task` varchar(140),
`task_weight` decimal(21,9) NOT NULL DEFAULT 0.0,
`required_for_employee_creation` tinyint NOT NULL DEFAULT 0,
`description` longtext,
parent varchar(140),
parentfield varchar(140),
parenttype varchar(140),
index parent(parent))
			ENGINE=InnoDB
			ROW_FORMAT=DYNAMIC
			CHARACTER SET=utf8mb4
			COLLATE=utf8mb4_unicode_ci
2025-02-27 10:19:44,425 WARNING database DDL Query made to DB:
create table `tabTraining Feedback` (
			name varchar(140) primary key,
			creation datetime(6),
			modified datetime(6),
			modified_by varchar(140),
			owner varchar(140),
			docstatus tinyint not null default '0',
			idx int not null default '0',
			`employee` varchar(140),
`employee_name` varchar(140),
`department` varchar(140),
`course` varchar(140),
`training_event` varchar(140),
`event_name` varchar(140),
`trainer_name` varchar(140),
`feedback` text,
`amended_from` varchar(140),
`_user_tags` text,
`_comments` text,
`_assign` text,
`_liked_by` text,
index creation(creation))
			ENGINE=InnoDB
			ROW_FORMAT=DYNAMIC
			CHARACTER SET=utf8mb4
			COLLATE=utf8mb4_unicode_ci
2025-02-27 10:19:44,473 WARNING database DDL Query made to DB:
create table `tabJob Offer Term Template` (
			name varchar(140) primary key,
			creation datetime(6),
			modified datetime(6),
			modified_by varchar(140),
			owner varchar(140),
			docstatus tinyint not null default '0',
			idx int not null default '0',
			`title` varchar(140) UNIQUE,
`_user_tags` text,
`_comments` text,
`_assign` text,
`_liked_by` text,
index creation(creation))
			ENGINE=InnoDB
			ROW_FORMAT=DYNAMIC
			CHARACTER SET=utf8mb4
			COLLATE=utf8mb4_unicode_ci
2025-02-27 10:19:44,533 WARNING database DDL Query made to DB:
create table `tabInterview Round` (
			name varchar(140) primary key,
			creation datetime(6),
			modified datetime(6),
			modified_by varchar(140),
			owner varchar(140),
			docstatus tinyint not null default '0',
			idx int not null default '0',
			`round_name` varchar(140) UNIQUE,
`interview_type` varchar(140),
`expected_average_rating` decimal(3,2),
`designation` varchar(140),
`_user_tags` text,
`_comments` text,
`_assign` text,
`_liked_by` text,
index creation(creation))
			ENGINE=InnoDB
			ROW_FORMAT=DYNAMIC
			CHARACTER SET=utf8mb4
			COLLATE=utf8mb4_unicode_ci
2025-02-27 10:19:44,588 WARNING database DDL Query made to DB:
create table `tabEmployee Health Insurance` (
			name varchar(140) primary key,
			creation datetime(6),
			modified datetime(6),
			modified_by varchar(140),
			owner varchar(140),
			docstatus tinyint not null default '0',
			idx int not null default '0',
			`health_insurance_name` varchar(140) UNIQUE,
`_user_tags` text,
`_comments` text,
`_assign` text,
`_liked_by` text,
index creation(creation))
			ENGINE=InnoDB
			ROW_FORMAT=DYNAMIC
			CHARACTER SET=utf8mb4
			COLLATE=utf8mb4_unicode_ci
2025-02-27 10:19:44,648 WARNING database DDL Query made to DB:
create table `tabAppointment Letter` (
			name varchar(140) primary key,
			creation datetime(6),
			modified datetime(6),
			modified_by varchar(140),
			owner varchar(140),
			docstatus tinyint not null default '0',
			idx int not null default '0',
			`job_applicant` varchar(140),
`applicant_name` varchar(140),
`company` varchar(140),
`appointment_date` date,
`appointment_letter_template` varchar(140),
`introduction` longtext,
`closing_notes` text,
`_user_tags` text,
`_comments` text,
`_assign` text,
`_liked_by` text,
index creation(creation))
			ENGINE=InnoDB
			ROW_FORMAT=DYNAMIC
			CHARACTER SET=utf8mb4
			COLLATE=utf8mb4_unicode_ci
2025-02-27 10:19:44,700 WARNING database DDL Query made to DB:
create table `tabOffer Term` (
			name varchar(140) primary key,
			creation datetime(6),
			modified datetime(6),
			modified_by varchar(140),
			owner varchar(140),
			docstatus tinyint not null default '0',
			idx int not null default '0',
			`offer_term` varchar(140) UNIQUE,
`_user_tags` text,
`_comments` text,
`_assign` text,
`_liked_by` text,
index creation(creation))
			ENGINE=InnoDB
			ROW_FORMAT=DYNAMIC
			CHARACTER SET=utf8mb4
			COLLATE=utf8mb4_unicode_ci
2025-02-27 10:19:44,744 WARNING database DDL Query made to DB:
create table `tabDepartment Approver` (
			name varchar(140) primary key,
			creation datetime(6),
			modified datetime(6),
			modified_by varchar(140),
			owner varchar(140),
			docstatus tinyint not null default '0',
			idx int not null default '0',
			`approver` varchar(140),
parent varchar(140),
parentfield varchar(140),
parenttype varchar(140),
index parent(parent))
			ENGINE=InnoDB
			ROW_FORMAT=DYNAMIC
			CHARACTER SET=utf8mb4
			COLLATE=utf8mb4_unicode_ci
2025-02-27 10:19:44,793 WARNING database DDL Query made to DB:
create table `tabFull and Final Asset` (
			name varchar(140) primary key,
			creation datetime(6),
			modified datetime(6),
			modified_by varchar(140),
			owner varchar(140),
			docstatus tinyint not null default '0',
			idx int not null default '0',
			`reference` varchar(140),
`asset_name` varchar(140),
`date` datetime(6),
`actual_cost` decimal(21,9) NOT NULL DEFAULT 0.0,
`cost` decimal(21,9) NOT NULL DEFAULT 0.0,
`account` varchar(140),
`action` varchar(140) DEFAULT 'Return',
`status` varchar(140),
`description` text,
parent varchar(140),
parentfield varchar(140),
parenttype varchar(140),
index parent(parent))
			ENGINE=InnoDB
			ROW_FORMAT=DYNAMIC
			CHARACTER SET=utf8mb4
			COLLATE=utf8mb4_unicode_ci
2025-02-27 10:19:44,833 WARNING database DDL Query made to DB:
create table `tabEmployment Type` (
			name varchar(140) primary key,
			creation datetime(6),
			modified datetime(6),
			modified_by varchar(140),
			owner varchar(140),
			docstatus tinyint not null default '0',
			idx int not null default '0',
			`employee_type_name` varchar(140) UNIQUE,
`_user_tags` text,
`_comments` text,
`_assign` text,
`_liked_by` text,
index creation(creation))
			ENGINE=InnoDB
			ROW_FORMAT=DYNAMIC
			CHARACTER SET=utf8mb4
			COLLATE=utf8mb4_unicode_ci
2025-02-27 10:19:44,886 WARNING database DDL Query made to DB:
create table `tabAppraisal Template` (
			name varchar(140) primary key,
			creation datetime(6),
			modified datetime(6),
			modified_by varchar(140),
			owner varchar(140),
			docstatus tinyint not null default '0',
			idx int not null default '0',
			`template_title` varchar(140) UNIQUE,
`description` text,
`_user_tags` text,
`_comments` text,
`_assign` text,
`_liked_by` text,
index creation(creation))
			ENGINE=InnoDB
			ROW_FORMAT=DYNAMIC
			CHARACTER SET=utf8mb4
			COLLATE=utf8mb4_unicode_ci
2025-02-27 10:19:44,954 WARNING database DDL Query made to DB:
create table `tabFull and Final Statement` (
			name varchar(140) primary key,
			creation datetime(6),
			modified datetime(6),
			modified_by varchar(140),
			owner varchar(140),
			docstatus tinyint not null default '0',
			idx int not null default '0',
			`employee` varchar(140),
`employee_name` varchar(140),
`transaction_date` date,
`company` varchar(140),
`status` varchar(140) DEFAULT 'Unpaid',
`amended_from` varchar(140),
`date_of_joining` date,
`relieving_date` date,
`designation` varchar(140),
`department` varchar(140),
`total_asset_recovery_cost` decimal(21,9) NOT NULL DEFAULT 0.0,
`total_payable_amount` decimal(21,9) NOT NULL DEFAULT 0.0,
`total_receivable_amount` decimal(21,9) NOT NULL DEFAULT 0.0,
`_user_tags` text,
`_comments` text,
`_assign` text,
`_liked_by` text,
index creation(creation))
			ENGINE=InnoDB
			ROW_FORMAT=DYNAMIC
			CHARACTER SET=utf8mb4
			COLLATE=utf8mb4_unicode_ci
2025-02-27 10:19:45,011 WARNING database DDL Query made to DB:
create table `tabDesignation Skill` (
			name varchar(140) primary key,
			creation datetime(6),
			modified datetime(6),
			modified_by varchar(140),
			owner varchar(140),
			docstatus tinyint not null default '0',
			idx int not null default '0',
			`skill` varchar(140),
parent varchar(140),
parentfield varchar(140),
parenttype varchar(140),
index parent(parent))
			ENGINE=InnoDB
			ROW_FORMAT=DYNAMIC
			CHARACTER SET=utf8mb4
			COLLATE=utf8mb4_unicode_ci
2025-02-27 10:19:45,052 WARNING database DDL Query made to DB:
create table `tabEmployee Property History` (
			name varchar(140) primary key,
			creation datetime(6),
			modified datetime(6),
			modified_by varchar(140),
			owner varchar(140),
			docstatus tinyint not null default '0',
			idx int not null default '0',
			`property` varchar(140),
`current` varchar(140),
`new` varchar(140),
`fieldname` varchar(140),
parent varchar(140),
parentfield varchar(140),
parenttype varchar(140),
index parent(parent))
			ENGINE=InnoDB
			ROW_FORMAT=DYNAMIC
			CHARACTER SET=utf8mb4
			COLLATE=utf8mb4_unicode_ci
2025-02-27 10:19:45,097 WARNING database DDL Query made to DB:
create table `tabDaily Work Summary Group` (
			name varchar(140) primary key,
			creation datetime(6),
			modified datetime(6),
			modified_by varchar(140),
			owner varchar(140),
			docstatus tinyint not null default '0',
			idx int not null default '0',
			`enabled` tinyint NOT NULL DEFAULT 1,
`send_emails_at` varchar(140),
`holiday_list` varchar(140),
`subject` varchar(140) DEFAULT 'What did you work on today?',
`message` longtext DEFAULT '<p>Please share what did you do today. If you reply by midnight, your response will be recorded!</p>',
`_user_tags` text,
`_comments` text,
`_assign` text,
`_liked_by` text,
index creation(creation))
			ENGINE=InnoDB
			ROW_FORMAT=DYNAMIC
			CHARACTER SET=utf8mb4
			COLLATE=utf8mb4_unicode_ci
2025-02-27 10:19:45,149 WARNING database DDL Query made to DB:
create table `tabLeave Policy` (
			name varchar(140) primary key,
			creation datetime(6),
			modified datetime(6),
			modified_by varchar(140),
			owner varchar(140),
			docstatus tinyint not null default '0',
			idx int not null default '0',
			`title` varchar(140),
`amended_from` varchar(140),
`_user_tags` text,
`_comments` text,
`_assign` text,
`_liked_by` text,
index creation(creation))
			ENGINE=InnoDB
			ROW_FORMAT=DYNAMIC
			CHARACTER SET=utf8mb4
			COLLATE=utf8mb4_unicode_ci
2025-02-27 10:19:45,200 WARNING database DDL Query made to DB:
create table `tabVehicle Service Item` (
			name varchar(140) primary key,
			creation datetime(6),
			modified datetime(6),
			modified_by varchar(140),
			owner varchar(140),
			docstatus tinyint not null default '0',
			idx int not null default '0',
			`service_item` varchar(140) UNIQUE,
`_user_tags` text,
`_comments` text,
`_assign` text,
`_liked_by` text,
index creation(creation))
			ENGINE=InnoDB
			ROW_FORMAT=DYNAMIC
			CHARACTER SET=utf8mb4
			COLLATE=utf8mb4_unicode_ci
2025-02-27 10:19:45,252 WARNING database DDL Query made to DB:
create table `tabExpense Claim Account` (
			name varchar(140) primary key,
			creation datetime(6),
			modified datetime(6),
			modified_by varchar(140),
			owner varchar(140),
			docstatus tinyint not null default '0',
			idx int not null default '0',
			`company` varchar(140),
`default_account` varchar(140),
parent varchar(140),
parentfield varchar(140),
parenttype varchar(140),
index parent(parent))
			ENGINE=InnoDB
			ROW_FORMAT=DYNAMIC
			CHARACTER SET=utf8mb4
			COLLATE=utf8mb4_unicode_ci
2025-02-27 10:19:45,300 WARNING database DDL Query made to DB:
create table `tabLeave Block List` (
			name varchar(140) primary key,
			creation datetime(6),
			modified datetime(6),
			modified_by varchar(140),
			owner varchar(140),
			docstatus tinyint not null default '0',
			idx int not null default '0',
			`leave_block_list_name` varchar(140) UNIQUE,
`company` varchar(140),
`applies_to_all_departments` tinyint NOT NULL DEFAULT 0,
`leave_type` varchar(140),
`_user_tags` text,
`_comments` text,
`_assign` text,
`_liked_by` text,
index creation(creation))
			ENGINE=InnoDB
			ROW_FORMAT=DYNAMIC
			CHARACTER SET=utf8mb4
			COLLATE=utf8mb4_unicode_ci
2025-02-27 10:19:45,400 WARNING database DDL Query made to DB:
create table `tabExpense Claim Detail` (
			name varchar(140) primary key,
			creation datetime(6),
			modified datetime(6),
			modified_by varchar(140),
			owner varchar(140),
			docstatus tinyint not null default '0',
			idx int not null default '0',
			`expense_date` date,
`expense_type` varchar(140),
`default_account` varchar(140),
`description` longtext,
`amount` decimal(21,9) NOT NULL DEFAULT 0.0,
`sanctioned_amount` decimal(21,9) NOT NULL DEFAULT 0.0,
`cost_center` varchar(140),
`project` varchar(140),
parent varchar(140),
parentfield varchar(140),
parenttype varchar(140),
index parent(parent))
			ENGINE=InnoDB
			ROW_FORMAT=DYNAMIC
			CHARACTER SET=utf8mb4
			COLLATE=utf8mb4_unicode_ci
2025-02-27 10:19:45,777 WARNING database DDL Query made to DB:
create table `tabEmployee Cost Center` (
			name varchar(140) primary key,
			creation datetime(6),
			modified datetime(6),
			modified_by varchar(140),
			owner varchar(140),
			docstatus tinyint not null default '0',
			idx int not null default '0',
			`cost_center` varchar(140),
`percentage` int NOT NULL DEFAULT 0,
parent varchar(140),
parentfield varchar(140),
parenttype varchar(140),
index parent(parent))
			ENGINE=InnoDB
			ROW_FORMAT=DYNAMIC
			CHARACTER SET=utf8mb4
			COLLATE=utf8mb4_unicode_ci
2025-02-27 10:19:45,840 WARNING database DDL Query made to DB:
create table `tabEmployee Other Income` (
			name varchar(140) primary key,
			creation datetime(6),
			modified datetime(6),
			modified_by varchar(140),
			owner varchar(140),
			docstatus tinyint not null default '0',
			idx int not null default '0',
			`employee` varchar(140),
`employee_name` varchar(140),
`amended_from` varchar(140),
`company` varchar(140),
`payroll_period` varchar(140),
`source` varchar(140),
`amount` decimal(21,9) NOT NULL DEFAULT 0.0,
`_user_tags` text,
`_comments` text,
`_assign` text,
`_liked_by` text,
index `employee`(`employee`),
index `company`(`company`),
index `payroll_period`(`payroll_period`),
index creation(creation))
			ENGINE=InnoDB
			ROW_FORMAT=DYNAMIC
			CHARACTER SET=utf8mb4
			COLLATE=utf8mb4_unicode_ci
2025-02-27 10:19:45,925 WARNING database DDL Query made to DB:
create table `tabAdditional Salary` (
			name varchar(140) primary key,
			creation datetime(6),
			modified datetime(6),
			modified_by varchar(140),
			owner varchar(140),
			docstatus tinyint not null default '0',
			idx int not null default '0',
			`naming_series` varchar(140),
`employee` varchar(140),
`employee_name` varchar(140),
`department` varchar(140),
`company` varchar(140),
`is_recurring` tinyint NOT NULL DEFAULT 0,
`disabled` tinyint NOT NULL DEFAULT 0,
`from_date` date,
`to_date` date,
`payroll_date` date,
`amended_from` varchar(140),
`salary_component` varchar(140),
`type` varchar(140),
`currency` varchar(140),
`amount` decimal(21,9) NOT NULL DEFAULT 0.0,
`deduct_full_tax_on_selected_payroll_date` tinyint NOT NULL DEFAULT 0,
`overwrite_salary_structure_amount` tinyint NOT NULL DEFAULT 1,
`ref_doctype` varchar(140),
`ref_docname` varchar(140),
`_user_tags` text,
`_comments` text,
`_assign` text,
`_liked_by` text,
index `employee`(`employee`),
index `payroll_date`(`payroll_date`),
index `salary_component`(`salary_component`),
index creation(creation))
			ENGINE=InnoDB
			ROW_FORMAT=DYNAMIC
			CHARACTER SET=utf8mb4
			COLLATE=utf8mb4_unicode_ci
2025-02-27 10:19:46,006 WARNING database DDL Query made to DB:
create table `tabSalary Structure` (
			name varchar(140) primary key,
			creation datetime(6),
			modified datetime(6),
			modified_by varchar(140),
			owner varchar(140),
			docstatus tinyint not null default '0',
			idx int not null default '0',
			`company` varchar(140),
`letter_head` varchar(140),
`is_active` varchar(140) DEFAULT 'Yes',
`is_default` varchar(140) DEFAULT 'No',
`currency` varchar(140),
`amended_from` varchar(140),
`leave_encashment_amount_per_day` decimal(21,9) NOT NULL DEFAULT 0.0,
`max_benefits` decimal(21,9) NOT NULL DEFAULT 0.0,
`salary_slip_based_on_timesheet` tinyint NOT NULL DEFAULT 0,
`payroll_frequency` varchar(140) DEFAULT 'Monthly',
`salary_component` varchar(140),
`hour_rate` decimal(21,9) NOT NULL DEFAULT 0.0,
`total_earning` decimal(21,9) NOT NULL DEFAULT 0.0,
`total_deduction` decimal(21,9) NOT NULL DEFAULT 0.0,
`net_pay` decimal(21,9) NOT NULL DEFAULT 0.0,
`mode_of_payment` varchar(140),
`payment_account` varchar(140),
`_user_tags` text,
`_comments` text,
`_assign` text,
`_liked_by` text,
index `company`(`company`),
index `currency`(`currency`),
index `salary_slip_based_on_timesheet`(`salary_slip_based_on_timesheet`),
index `payroll_frequency`(`payroll_frequency`),
index creation(creation))
			ENGINE=InnoDB
			ROW_FORMAT=DYNAMIC
			CHARACTER SET=utf8mb4
			COLLATE=utf8mb4_unicode_ci
2025-02-27 10:19:46,063 WARNING database DDL Query made to DB:
create table `tabSalary Withholding Cycle` (
			name varchar(140) primary key,
			creation datetime(6),
			modified datetime(6),
			modified_by varchar(140),
			owner varchar(140),
			docstatus tinyint not null default '0',
			idx int not null default '0',
			`from_date` date,
`to_date` date,
`is_salary_released` tinyint NOT NULL DEFAULT 0,
`journal_entry` varchar(140),
parent varchar(140),
parentfield varchar(140),
parenttype varchar(140),
index parent(parent))
			ENGINE=InnoDB
			ROW_FORMAT=DYNAMIC
			CHARACTER SET=utf8mb4
			COLLATE=utf8mb4_unicode_ci
2025-02-27 10:19:46,106 WARNING database DDL Query made to DB:
create table `tabEmployee Tax Exemption Sub Category` (
			name varchar(140) primary key,
			creation datetime(6),
			modified datetime(6),
			modified_by varchar(140),
			owner varchar(140),
			docstatus tinyint not null default '0',
			idx int not null default '0',
			`exemption_category` varchar(140),
`max_amount` decimal(21,9) NOT NULL DEFAULT 0.0,
`is_active` tinyint NOT NULL DEFAULT 1,
`_user_tags` text,
`_comments` text,
`_assign` text,
`_liked_by` text,
index creation(creation))
			ENGINE=InnoDB
			ROW_FORMAT=DYNAMIC
			CHARACTER SET=utf8mb4
			COLLATE=utf8mb4_unicode_ci
2025-02-27 10:19:46,195 WARNING database DDL Query made to DB:
create table `tabIncome Tax Slab Other Charges` (
			name varchar(140) primary key,
			creation datetime(6),
			modified datetime(6),
			modified_by varchar(140),
			owner varchar(140),
			docstatus tinyint not null default '0',
			idx int not null default '0',
			`description` varchar(140),
`percent` decimal(21,9) NOT NULL DEFAULT 0.0,
`min_taxable_income` decimal(21,9) NOT NULL DEFAULT 0.0,
`max_taxable_income` decimal(21,9) NOT NULL DEFAULT 0.0,
parent varchar(140),
parentfield varchar(140),
parenttype varchar(140),
index parent(parent))
			ENGINE=InnoDB
			ROW_FORMAT=DYNAMIC
			CHARACTER SET=utf8mb4
			COLLATE=utf8mb4_unicode_ci
2025-02-27 10:19:46,267 WARNING database DDL Query made to DB:
create table `tabEmployee Tax Exemption Proof Submission` (
			name varchar(140) primary key,
			creation datetime(6),
			modified datetime(6),
			modified_by varchar(140),
			owner varchar(140),
			docstatus tinyint not null default '0',
			idx int not null default '0',
			`employee` varchar(140),
`employee_name` varchar(140),
`department` varchar(140),
`currency` varchar(140),
`amended_from` varchar(140),
`submission_date` date,
`payroll_period` varchar(140),
`company` varchar(140),
`total_actual_amount` decimal(21,9) NOT NULL DEFAULT 0.0,
`exemption_amount` decimal(21,9) NOT NULL DEFAULT 0.0,
`attachments` text,
`_user_tags` text,
`_comments` text,
`_assign` text,
`_liked_by` text,
index creation(creation))
			ENGINE=InnoDB
			ROW_FORMAT=DYNAMIC
			CHARACTER SET=utf8mb4
			COLLATE=utf8mb4_unicode_ci
2025-02-27 10:19:46,338 WARNING database DDL Query made to DB:
create table `tabEmployee Benefit Application` (
			name varchar(140) primary key,
			creation datetime(6),
			modified datetime(6),
			modified_by varchar(140),
			owner varchar(140),
			docstatus tinyint not null default '0',
			idx int not null default '0',
			`employee` varchar(140),
`employee_name` varchar(140),
`department` varchar(140),
`date` date,
`payroll_period` varchar(140),
`company` varchar(140),
`amended_from` varchar(140),
`currency` varchar(140),
`max_benefits` decimal(21,9) NOT NULL DEFAULT 0.0,
`remaining_benefit` decimal(21,9) NOT NULL DEFAULT 0.0,
`total_amount` decimal(21,9) NOT NULL DEFAULT 0.0,
`pro_rata_dispensed_amount` decimal(21,9) NOT NULL DEFAULT 0.0,
`_user_tags` text,
`_comments` text,
`_assign` text,
`_liked_by` text,
index creation(creation))
			ENGINE=InnoDB
			ROW_FORMAT=DYNAMIC
			CHARACTER SET=utf8mb4
			COLLATE=utf8mb4_unicode_ci
2025-02-27 10:19:46,403 WARNING database DDL Query made to DB:
create table `tabEmployee Tax Exemption Declaration Category` (
			name varchar(140) primary key,
			creation datetime(6),
			modified datetime(6),
			modified_by varchar(140),
			owner varchar(140),
			docstatus tinyint not null default '0',
			idx int not null default '0',
			`exemption_sub_category` varchar(140),
`exemption_category` varchar(140),
`max_amount` decimal(21,9) NOT NULL DEFAULT 0.0,
`amount` decimal(21,9) NOT NULL DEFAULT 0.0,
parent varchar(140),
parentfield varchar(140),
parenttype varchar(140),
index parent(parent))
			ENGINE=InnoDB
			ROW_FORMAT=DYNAMIC
			CHARACTER SET=utf8mb4
			COLLATE=utf8mb4_unicode_ci
2025-02-27 10:19:46,523 WARNING database DDL Query made to DB:
create table `tabSalary Slip` (
			name varchar(140) primary key,
			creation datetime(6),
			modified datetime(6),
			modified_by varchar(140),
			owner varchar(140),
			docstatus tinyint not null default '0',
			idx int not null default '0',
			`employee` varchar(140),
`employee_name` varchar(140),
`company` varchar(140),
`department` varchar(140),
`designation` varchar(140),
`branch` varchar(140),
`posting_date` date,
`letter_head` varchar(140),
`status` varchar(140),
`salary_withholding` varchar(140),
`salary_withholding_cycle` varchar(140),
`currency` varchar(140),
`exchange_rate` decimal(21,9) NOT NULL DEFAULT 1.0,
`payroll_frequency` varchar(140),
`start_date` date,
`end_date` date,
`salary_structure` varchar(140),
`payroll_entry` varchar(140),
`mode_of_payment` varchar(140),
`salary_slip_based_on_timesheet` tinyint NOT NULL DEFAULT 0,
`deduct_tax_for_unclaimed_employee_benefits` tinyint NOT NULL DEFAULT 0,
`deduct_tax_for_unsubmitted_tax_exemption_proof` tinyint NOT NULL DEFAULT 0,
`total_working_days` decimal(21,9) NOT NULL DEFAULT 0.0,
`unmarked_days` decimal(21,9) NOT NULL DEFAULT 0.0,
`leave_without_pay` decimal(21,9) NOT NULL DEFAULT 0.0,
`absent_days` decimal(21,9) NOT NULL DEFAULT 0.0,
`payment_days` decimal(21,9) NOT NULL DEFAULT 0.0,
`total_working_hours` decimal(21,9) NOT NULL DEFAULT 0.0,
`hour_rate` decimal(21,9) NOT NULL DEFAULT 0.0,
`base_hour_rate` decimal(21,9) NOT NULL DEFAULT 0.0,
`gross_pay` decimal(21,9) NOT NULL DEFAULT 0.0,
`base_gross_pay` decimal(21,9) NOT NULL DEFAULT 0.0,
`gross_year_to_date` decimal(21,9) NOT NULL DEFAULT 0.0,
`base_gross_year_to_date` decimal(21,9) NOT NULL DEFAULT 0.0,
`total_deduction` decimal(21,9) NOT NULL DEFAULT 0.0,
`base_total_deduction` decimal(21,9) NOT NULL DEFAULT 0.0,
`net_pay` decimal(21,9) NOT NULL DEFAULT 0.0,
`base_net_pay` decimal(21,9) NOT NULL DEFAULT 0.0,
`rounded_total` decimal(21,9) NOT NULL DEFAULT 0.0,
`base_rounded_total` decimal(21,9) NOT NULL DEFAULT 0.0,
`year_to_date` decimal(21,9) NOT NULL DEFAULT 0.0,
`base_year_to_date` decimal(21,9) NOT NULL DEFAULT 0.0,
`month_to_date` decimal(21,9) NOT NULL DEFAULT 0.0,
`base_month_to_date` decimal(21,9) NOT NULL DEFAULT 0.0,
`total_in_words` varchar(240),
`base_total_in_words` varchar(240),
`ctc` decimal(21,9) NOT NULL DEFAULT 0.0,
`income_from_other_sources` decimal(21,9) NOT NULL DEFAULT 0.0,
`total_earnings` decimal(21,9) NOT NULL DEFAULT 0.0,
`non_taxable_earnings` decimal(21,9) NOT NULL DEFAULT 0.0,
`standard_tax_exemption_amount` decimal(21,9) NOT NULL DEFAULT 0.0,
`tax_exemption_declaration` decimal(21,9) NOT NULL DEFAULT 0.0,
`deductions_before_tax_calculation` decimal(21,9) NOT NULL DEFAULT 0.0,
`annual_taxable_amount` decimal(21,9) NOT NULL DEFAULT 0.0,
`income_tax_deducted_till_date` decimal(21,9) NOT NULL DEFAULT 0.0,
`current_month_income_tax` decimal(21,9) NOT NULL DEFAULT 0.0,
`future_income_tax_deductions` decimal(21,9) NOT NULL DEFAULT 0.0,
`total_income_tax` decimal(21,9) NOT NULL DEFAULT 0.0,
`journal_entry` varchar(140),
`amended_from` varchar(140),
`bank_name` varchar(140),
`bank_account_no` varchar(140),
`_user_tags` text,
`_comments` text,
`_assign` text,
`_liked_by` text,
index `employee`(`employee`),
index `start_date`(`start_date`),
index `end_date`(`end_date`),
index `salary_structure`(`salary_structure`),
index `payroll_entry`(`payroll_entry`),
index creation(creation))
			ENGINE=InnoDB
			ROW_FORMAT=DYNAMIC
			CHARACTER SET=utf8mb4
			COLLATE=utf8mb4_unicode_ci
2025-02-27 10:19:46,598 WARNING database DDL Query made to DB:
ALTER TABLE `tabSalary Slip`
				ADD INDEX IF NOT EXISTS `employee_start_date_end_date_index`(employee, start_date, end_date)
2025-02-27 10:19:46,639 WARNING database DDL Query made to DB:
create table `tabSalary Slip Loan` (
			name varchar(140) primary key,
			creation datetime(6),
			modified datetime(6),
			modified_by varchar(140),
			owner varchar(140),
			docstatus tinyint not null default '0',
			idx int not null default '0',
			`loan` varchar(140),
`loan_product` varchar(140),
`loan_account` varchar(140),
`interest_income_account` varchar(140),
`principal_amount` decimal(21,9) NOT NULL DEFAULT 0.0,
`interest_amount` decimal(21,9) NOT NULL DEFAULT 0.0,
`total_payment` decimal(21,9) NOT NULL DEFAULT 0.0,
`loan_repayment_entry` varchar(140),
parent varchar(140),
parentfield varchar(140),
parenttype varchar(140),
index parent(parent))
			ENGINE=InnoDB
			ROW_FORMAT=DYNAMIC
			CHARACTER SET=utf8mb4
			COLLATE=utf8mb4_unicode_ci
2025-02-27 10:19:46,683 WARNING database DDL Query made to DB:
create table `tabPayroll Period` (
			name varchar(140) primary key,
			creation datetime(6),
			modified datetime(6),
			modified_by varchar(140),
			owner varchar(140),
			docstatus tinyint not null default '0',
			idx int not null default '0',
			`company` varchar(140),
`start_date` date,
`end_date` date,
`_user_tags` text,
`_comments` text,
`_assign` text,
`_liked_by` text,
index creation(creation))
			ENGINE=InnoDB
			ROW_FORMAT=DYNAMIC
			CHARACTER SET=utf8mb4
			COLLATE=utf8mb4_unicode_ci
2025-02-27 10:19:46,764 WARNING database DDL Query made to DB:
create table `tabSalary Detail` (
			name varchar(140) primary key,
			creation datetime(6),
			modified datetime(6),
			modified_by varchar(140),
			owner varchar(140),
			docstatus tinyint not null default '0',
			idx int not null default '0',
			`salary_component` varchar(140),
`abbr` varchar(140),
`amount` decimal(21,9) NOT NULL DEFAULT 0.0,
`year_to_date` decimal(21,9) NOT NULL DEFAULT 0.0,
`additional_salary` varchar(140),
`is_recurring_additional_salary` tinyint NOT NULL DEFAULT 0,
`statistical_component` tinyint NOT NULL DEFAULT 0,
`depends_on_payment_days` tinyint NOT NULL DEFAULT 0,
`exempted_from_income_tax` tinyint NOT NULL DEFAULT 0,
`is_tax_applicable` tinyint NOT NULL DEFAULT 0,
`is_flexible_benefit` tinyint NOT NULL DEFAULT 0,
`variable_based_on_taxable_salary` tinyint NOT NULL DEFAULT 0,
`do_not_include_in_total` tinyint NOT NULL DEFAULT 0,
`deduct_full_tax_on_selected_payroll_date` tinyint NOT NULL DEFAULT 0,
`condition` longtext,
`amount_based_on_formula` tinyint NOT NULL DEFAULT 0,
`formula` longtext,
`default_amount` decimal(21,9) NOT NULL DEFAULT 0.0,
`additional_amount` decimal(21,9) NOT NULL DEFAULT 0.0,
`tax_on_flexible_benefit` decimal(21,9) NOT NULL DEFAULT 0.0,
`tax_on_additional_salary` decimal(21,9) NOT NULL DEFAULT 0.0,
index `salary_component`(`salary_component`),
index `exempted_from_income_tax`(`exempted_from_income_tax`),
index `is_tax_applicable`(`is_tax_applicable`),
index `variable_based_on_taxable_salary`(`variable_based_on_taxable_salary`),
parent varchar(140),
parentfield varchar(140),
parenttype varchar(140),
index parent(parent))
			ENGINE=InnoDB
			ROW_FORMAT=DYNAMIC
			CHARACTER SET=utf8mb4
			COLLATE=utf8mb4_unicode_ci
2025-02-27 10:19:46,850 WARNING database DDL Query made to DB:
create table `tabGratuity Rule Slab` (
			name varchar(140) primary key,
			creation datetime(6),
			modified datetime(6),
			modified_by varchar(140),
			owner varchar(140),
			docstatus tinyint not null default '0',
			idx int not null default '0',
			`from_year` int NOT NULL DEFAULT 0,
`to_year` int NOT NULL DEFAULT 0,
`fraction_of_applicable_earnings` decimal(21,9) NOT NULL DEFAULT 0.0,
parent varchar(140),
parentfield varchar(140),
parenttype varchar(140),
index parent(parent))
			ENGINE=InnoDB
			ROW_FORMAT=DYNAMIC
			CHARACTER SET=utf8mb4
			COLLATE=utf8mb4_unicode_ci
2025-02-27 10:19:46,895 WARNING database DDL Query made to DB:
create table `tabEmployee Tax Exemption Category` (
			name varchar(140) primary key,
			creation datetime(6),
			modified datetime(6),
			modified_by varchar(140),
			owner varchar(140),
			docstatus tinyint not null default '0',
			idx int not null default '0',
			`max_amount` decimal(21,9) NOT NULL DEFAULT 0.0,
`is_active` tinyint NOT NULL DEFAULT 1,
`_user_tags` text,
`_comments` text,
`_assign` text,
`_liked_by` text,
index creation(creation))
			ENGINE=InnoDB
			ROW_FORMAT=DYNAMIC
			CHARACTER SET=utf8mb4
			COLLATE=utf8mb4_unicode_ci
2025-02-27 10:19:46,989 WARNING database DDL Query made to DB:
create table `tabPayroll Entry` (
			name varchar(140) primary key,
			creation datetime(6),
			modified datetime(6),
			modified_by varchar(140),
			owner varchar(140),
			docstatus tinyint not null default '0',
			idx int not null default '0',
			`posting_date` date,
`company` varchar(140),
`currency` varchar(140),
`exchange_rate` decimal(21,9) NOT NULL DEFAULT 0.0,
`payroll_payable_account` varchar(140),
`status` varchar(140),
`salary_slip_based_on_timesheet` tinyint NOT NULL DEFAULT 0,
`payroll_frequency` varchar(140),
`start_date` date,
`end_date` date,
`deduct_tax_for_unclaimed_employee_benefits` tinyint NOT NULL DEFAULT 0,
`deduct_tax_for_unsubmitted_tax_exemption_proof` tinyint NOT NULL DEFAULT 0,
`branch` varchar(140),
`department` varchar(140),
`designation` varchar(140),
`grade` varchar(140),
`number_of_employees` int NOT NULL DEFAULT 0,
`validate_attendance` tinyint NOT NULL DEFAULT 0,
`cost_center` varchar(140),
`project` varchar(140),
`payment_account` varchar(140),
`bank_account` varchar(140),
`salary_slips_created` tinyint NOT NULL DEFAULT 0,
`salary_slips_submitted` tinyint NOT NULL DEFAULT 0,
`error_message` text,
`amended_from` varchar(140),
`_user_tags` text,
`_comments` text,
`_assign` text,
`_liked_by` text,
index creation(creation))
			ENGINE=InnoDB
			ROW_FORMAT=DYNAMIC
			CHARACTER SET=utf8mb4
			COLLATE=utf8mb4_unicode_ci
2025-02-27 10:19:47,056 WARNING database DDL Query made to DB:
create table `tabSalary Withholding` (
			name varchar(140) primary key,
			creation datetime(6),
			modified datetime(6),
			modified_by varchar(140),
			owner varchar(140),
			docstatus tinyint not null default '0',
			idx int not null default '0',
			`employee` varchar(140),
`employee_name` varchar(140),
`company` varchar(140),
`posting_date` date,
`payroll_frequency` varchar(140),
`number_of_withholding_cycles` int NOT NULL DEFAULT 0,
`status` varchar(140) DEFAULT 'Draft',
`from_date` date,
`to_date` date,
`date_of_joining` date,
`relieving_date` date,
`reason_for_withholding_salary` text,
`amended_from` varchar(140),
`_user_tags` text,
`_comments` text,
`_assign` text,
`_liked_by` text,
index `employee`(`employee`),
index `amended_from`(`amended_from`),
index creation(creation))
			ENGINE=InnoDB
			ROW_FORMAT=DYNAMIC
			CHARACTER SET=utf8mb4
			COLLATE=utf8mb4_unicode_ci
2025-02-27 10:19:47,106 WARNING database DDL Query made to DB:
create table `tabPayroll Period Date` (
			name varchar(140) primary key,
			creation datetime(6),
			modified datetime(6),
			modified_by varchar(140),
			owner varchar(140),
			docstatus tinyint not null default '0',
			idx int not null default '0',
			`start_date` date,
`end_date` date,
parent varchar(140),
parentfield varchar(140),
parenttype varchar(140),
index parent(parent))
			ENGINE=InnoDB
			ROW_FORMAT=DYNAMIC
			CHARACTER SET=utf8mb4
			COLLATE=utf8mb4_unicode_ci
2025-02-27 10:19:47,147 WARNING database DDL Query made to DB:
create table `tabEmployee Benefit Application Detail` (
			name varchar(140) primary key,
			creation datetime(6),
			modified datetime(6),
			modified_by varchar(140),
			owner varchar(140),
			docstatus tinyint not null default '0',
			idx int not null default '0',
			`earning_component` varchar(140),
`pay_against_benefit_claim` tinyint NOT NULL DEFAULT 0,
`max_benefit_amount` decimal(21,9) NOT NULL DEFAULT 0.0,
`amount` decimal(21,9) NOT NULL DEFAULT 0.0,
parent varchar(140),
parentfield varchar(140),
parenttype varchar(140),
index parent(parent))
			ENGINE=InnoDB
			ROW_FORMAT=DYNAMIC
			CHARACTER SET=utf8mb4
			COLLATE=utf8mb4_unicode_ci
2025-02-27 10:19:47,188 WARNING database DDL Query made to DB:
create table `tabGratuity Applicable Component` (
			name varchar(140) primary key,
			creation datetime(6),
			modified datetime(6),
			modified_by varchar(140),
			owner varchar(140),
			docstatus tinyint not null default '0',
			idx int not null default '0',
			`salary_component` varchar(140),
parent varchar(140),
parentfield varchar(140),
parenttype varchar(140),
index parent(parent))
			ENGINE=InnoDB
			ROW_FORMAT=DYNAMIC
			CHARACTER SET=utf8mb4
			COLLATE=utf8mb4_unicode_ci
2025-02-27 10:19:47,246 WARNING database DDL Query made to DB:
create table `tabSalary Slip Timesheet` (
			name varchar(140) primary key,
			creation datetime(6),
			modified datetime(6),
			modified_by varchar(140),
			owner varchar(140),
			docstatus tinyint not null default '0',
			idx int not null default '0',
			`time_sheet` varchar(140),
`working_hours` decimal(21,9) NOT NULL DEFAULT 0.0,
parent varchar(140),
parentfield varchar(140),
parenttype varchar(140),
index parent(parent))
			ENGINE=InnoDB
			ROW_FORMAT=DYNAMIC
			CHARACTER SET=utf8mb4
			COLLATE=utf8mb4_unicode_ci
2025-02-27 10:19:47,310 WARNING database DDL Query made to DB:
create table `tabEmployee Tax Exemption Declaration` (
			name varchar(140) primary key,
			creation datetime(6),
			modified datetime(6),
			modified_by varchar(140),
			owner varchar(140),
			docstatus tinyint not null default '0',
			idx int not null default '0',
			`employee` varchar(140),
`employee_name` varchar(140),
`department` varchar(140),
`company` varchar(140),
`payroll_period` varchar(140),
`currency` varchar(140),
`amended_from` varchar(140),
`total_declared_amount` decimal(21,9) NOT NULL DEFAULT 0.0,
`total_exemption_amount` decimal(21,9) NOT NULL DEFAULT 0.0,
`_user_tags` text,
`_comments` text,
`_assign` text,
`_liked_by` text,
index creation(creation))
			ENGINE=InnoDB
			ROW_FORMAT=DYNAMIC
			CHARACTER SET=utf8mb4
			COLLATE=utf8mb4_unicode_ci
2025-02-27 10:19:47,383 WARNING database DDL Query made to DB:
create table `tabIncome Tax Slab` (
			name varchar(140) primary key,
			creation datetime(6),
			modified datetime(6),
			modified_by varchar(140),
			owner varchar(140),
			docstatus tinyint not null default '0',
			idx int not null default '0',
			`disabled` tinyint NOT NULL DEFAULT 0,
`effective_from` date,
`company` varchar(140),
`currency` varchar(140),
`standard_tax_exemption_amount` decimal(21,9) NOT NULL DEFAULT 0.0,
`allow_tax_exemption` tinyint NOT NULL DEFAULT 0,
`amended_from` varchar(140),
`_user_tags` text,
`_comments` text,
`_assign` text,
`_liked_by` text,
index creation(creation))
			ENGINE=InnoDB
			ROW_FORMAT=DYNAMIC
			CHARACTER SET=utf8mb4
			COLLATE=utf8mb4_unicode_ci
2025-02-27 10:19:47,435 WARNING database DDL Query made to DB:
create table `tabEmployee Tax Exemption Proof Submission Detail` (
			name varchar(140) primary key,
			creation datetime(6),
			modified datetime(6),
			modified_by varchar(140),
			owner varchar(140),
			docstatus tinyint not null default '0',
			idx int not null default '0',
			`exemption_sub_category` varchar(140),
`exemption_category` varchar(140),
`max_amount` decimal(21,9) NOT NULL DEFAULT 0.0,
`amount` decimal(21,9) NOT NULL DEFAULT 0.0,
`type_of_proof` varchar(140),
`attach_proof` text,
parent varchar(140),
parentfield varchar(140),
parenttype varchar(140),
index parent(parent))
			ENGINE=InnoDB
			ROW_FORMAT=DYNAMIC
			CHARACTER SET=utf8mb4
			COLLATE=utf8mb4_unicode_ci
2025-02-27 10:19:47,508 WARNING database DDL Query made to DB:
create table `tabEmployee Benefit Claim` (
			name varchar(140) primary key,
			creation datetime(6),
			modified datetime(6),
			modified_by varchar(140),
			owner varchar(140),
			docstatus tinyint not null default '0',
			idx int not null default '0',
			`employee` varchar(140),
`employee_name` varchar(140),
`department` varchar(140),
`claim_date` date,
`currency` varchar(140),
`company` varchar(140),
`amended_from` varchar(140),
`earning_component` varchar(140),
`max_amount_eligible` decimal(21,9) NOT NULL DEFAULT 0.0,
`pay_against_benefit_claim` tinyint NOT NULL DEFAULT 0,
`claimed_amount` decimal(21,9) NOT NULL DEFAULT 0.0,
`salary_slip` varchar(140),
`attachments` text,
`_user_tags` text,
`_comments` text,
`_assign` text,
`_liked_by` text,
index creation(creation))
			ENGINE=InnoDB
			ROW_FORMAT=DYNAMIC
			CHARACTER SET=utf8mb4
			COLLATE=utf8mb4_unicode_ci
2025-02-27 10:19:47,564 WARNING database DDL Query made to DB:
create table `tabSalary Slip Leave` (
			name varchar(140) primary key,
			creation datetime(6),
			modified datetime(6),
			modified_by varchar(140),
			owner varchar(140),
			docstatus tinyint not null default '0',
			idx int not null default '0',
			`leave_type` varchar(140),
`total_allocated_leaves` decimal(21,9) NOT NULL DEFAULT 0.0,
`expired_leaves` decimal(21,9) NOT NULL DEFAULT 0.0,
`used_leaves` decimal(21,9) NOT NULL DEFAULT 0.0,
`pending_leaves` decimal(21,9) NOT NULL DEFAULT 0.0,
`available_leaves` decimal(21,9) NOT NULL DEFAULT 0.0,
parent varchar(140),
parentfield varchar(140),
parenttype varchar(140),
index parent(parent))
			ENGINE=InnoDB
			ROW_FORMAT=DYNAMIC
			CHARACTER SET=utf8mb4
			COLLATE=utf8mb4_unicode_ci
2025-02-27 10:19:47,628 WARNING database DDL Query made to DB:
create table `tabGratuity` (
			name varchar(140) primary key,
			creation datetime(6),
			modified datetime(6),
			modified_by varchar(140),
			owner varchar(140),
			docstatus tinyint not null default '0',
			idx int not null default '0',
			`employee` varchar(140),
`employee_name` varchar(140),
`department` varchar(140),
`designation` varchar(140),
`current_work_experience` decimal(21,9) NOT NULL DEFAULT 0.0,
`posting_date` date,
`gratuity_rule` varchar(140),
`status` varchar(140) DEFAULT 'Draft',
`company` varchar(140),
`amended_from` varchar(140),
`pay_via_salary_slip` tinyint NOT NULL DEFAULT 1,
`amount` decimal(21,9) NOT NULL DEFAULT 0.0,
`paid_amount` decimal(21,9) NOT NULL DEFAULT 0.0,
`payroll_date` date,
`salary_component` varchar(140),
`cost_center` varchar(140),
`mode_of_payment` varchar(140),
`expense_account` varchar(140),
`payable_account` varchar(140),
`_user_tags` text,
`_comments` text,
`_assign` text,
`_liked_by` text,
index `employee`(`employee`),
index creation(creation))
			ENGINE=InnoDB
			ROW_FORMAT=DYNAMIC
			CHARACTER SET=utf8mb4
			COLLATE=utf8mb4_unicode_ci
2025-02-27 10:19:47,678 WARNING database DDL Query made to DB:
create table `tabPayroll Employee Detail` (
			name varchar(140) primary key,
			creation datetime(6),
			modified datetime(6),
			modified_by varchar(140),
			owner varchar(140),
			docstatus tinyint not null default '0',
			idx int not null default '0',
			`employee` varchar(140),
`employee_name` varchar(140),
`department` varchar(140),
`designation` varchar(140),
`is_salary_withheld` tinyint NOT NULL DEFAULT 0,
parent varchar(140),
parentfield varchar(140),
parenttype varchar(140),
index parent(parent))
			ENGINE=InnoDB
			ROW_FORMAT=DYNAMIC
			CHARACTER SET=utf8mb4
			COLLATE=utf8mb4_unicode_ci
2025-02-27 10:19:47,720 WARNING database DDL Query made to DB:
create table `tabSalary Component Account` (
			name varchar(140) primary key,
			creation datetime(6),
			modified datetime(6),
			modified_by varchar(140),
			owner varchar(140),
			docstatus tinyint not null default '0',
			idx int not null default '0',
			`company` varchar(140),
`account` varchar(140),
parent varchar(140),
parentfield varchar(140),
parenttype varchar(140),
index parent(parent))
			ENGINE=InnoDB
			ROW_FORMAT=DYNAMIC
			CHARACTER SET=utf8mb4
			COLLATE=utf8mb4_unicode_ci
2025-02-27 10:19:47,801 WARNING database DDL Query made to DB:
create table `tabSalary Structure Assignment` (
			name varchar(140) primary key,
			creation datetime(6),
			modified datetime(6),
			modified_by varchar(140),
			owner varchar(140),
			docstatus tinyint not null default '0',
			idx int not null default '0',
			`employee` varchar(140),
`employee_name` varchar(140),
`department` varchar(140),
`designation` varchar(140),
`grade` varchar(140),
`salary_structure` varchar(140),
`from_date` date,
`income_tax_slab` varchar(140),
`company` varchar(140),
`payroll_payable_account` varchar(140),
`currency` varchar(140),
`base` decimal(21,9) NOT NULL DEFAULT 0.0,
`variable` decimal(21,9) NOT NULL DEFAULT 0.0,
`amended_from` varchar(140),
`taxable_earnings_till_date` decimal(21,9) NOT NULL DEFAULT 0.0,
`tax_deducted_till_date` decimal(21,9) NOT NULL DEFAULT 0.0,
`_user_tags` text,
`_comments` text,
`_assign` text,
`_liked_by` text,
index `employee`(`employee`),
index `salary_structure`(`salary_structure`),
index creation(creation))
			ENGINE=InnoDB
			ROW_FORMAT=DYNAMIC
			CHARACTER SET=utf8mb4
			COLLATE=utf8mb4_unicode_ci
2025-02-27 10:19:47,860 WARNING database DDL Query made to DB:
create table `tabGratuity Rule` (
			name varchar(140) primary key,
			creation datetime(6),
			modified datetime(6),
			modified_by varchar(140),
			owner varchar(140),
			docstatus tinyint not null default '0',
			idx int not null default '0',
			`disable` tinyint NOT NULL DEFAULT 0,
`calculate_gratuity_amount_based_on` varchar(140),
`total_working_days_per_year` int NOT NULL DEFAULT 365,
`work_experience_calculation_function` varchar(140) DEFAULT 'Round off Work Experience',
`minimum_year_for_gratuity` int NOT NULL DEFAULT 0,
`_user_tags` text,
`_comments` text,
`_assign` text,
`_liked_by` text,
index creation(creation))
			ENGINE=InnoDB
			ROW_FORMAT=DYNAMIC
			CHARACTER SET=utf8mb4
			COLLATE=utf8mb4_unicode_ci
2025-02-27 10:19:47,931 WARNING database DDL Query made to DB:
create table `tabSalary Component` (
			name varchar(140) primary key,
			creation datetime(6),
			modified datetime(6),
			modified_by varchar(140),
			owner varchar(140),
			docstatus tinyint not null default '0',
			idx int not null default '0',
			`salary_component` varchar(140) UNIQUE,
`salary_component_abbr` varchar(140),
`type` varchar(140),
`description` text,
`depends_on_payment_days` tinyint NOT NULL DEFAULT 1,
`is_tax_applicable` tinyint NOT NULL DEFAULT 1,
`deduct_full_tax_on_selected_payroll_date` tinyint NOT NULL DEFAULT 0,
`variable_based_on_taxable_salary` tinyint NOT NULL DEFAULT 0,
`is_income_tax_component` tinyint NOT NULL DEFAULT 0,
`exempted_from_income_tax` tinyint NOT NULL DEFAULT 0,
`round_to_the_nearest_integer` tinyint NOT NULL DEFAULT 0,
`statistical_component` tinyint NOT NULL DEFAULT 0,
`do_not_include_in_total` tinyint NOT NULL DEFAULT 0,
`remove_if_zero_valued` tinyint NOT NULL DEFAULT 1,
`disabled` tinyint NOT NULL DEFAULT 0,
`condition` longtext,
`amount` decimal(21,9) NOT NULL DEFAULT 0.0,
`amount_based_on_formula` tinyint NOT NULL DEFAULT 0,
`formula` longtext,
`is_flexible_benefit` tinyint NOT NULL DEFAULT 0,
`max_benefit_amount` decimal(21,9) NOT NULL DEFAULT 0.0,
`pay_against_benefit_claim` tinyint NOT NULL DEFAULT 0,
`only_tax_impact` tinyint NOT NULL DEFAULT 0,
`create_separate_payment_entry_against_benefit_claim` tinyint NOT NULL DEFAULT 0,
`_user_tags` text,
`_comments` text,
`_assign` text,
`_liked_by` text,
index `variable_based_on_taxable_salary`(`variable_based_on_taxable_salary`),
index creation(creation))
			ENGINE=InnoDB
			ROW_FORMAT=DYNAMIC
			CHARACTER SET=utf8mb4
			COLLATE=utf8mb4_unicode_ci
2025-02-27 10:19:48,005 WARNING database DDL Query made to DB:
create table `tabRetention Bonus` (
			name varchar(140) primary key,
			creation datetime(6),
			modified datetime(6),
			modified_by varchar(140),
			owner varchar(140),
			docstatus tinyint not null default '0',
			idx int not null default '0',
			`employee` varchar(140),
`employee_name` varchar(140),
`department` varchar(140),
`company` varchar(140),
`date_of_joining` varchar(140),
`salary_component` varchar(140),
`bonus_amount` decimal(21,9) NOT NULL DEFAULT 0.0,
`bonus_payment_date` date,
`currency` varchar(140),
`amended_from` varchar(140),
`_user_tags` text,
`_comments` text,
`_assign` text,
`_liked_by` text,
index creation(creation))
			ENGINE=InnoDB
			ROW_FORMAT=DYNAMIC
			CHARACTER SET=utf8mb4
			COLLATE=utf8mb4_unicode_ci
2025-02-27 10:19:48,063 WARNING database DDL Query made to DB:
create table `tabTaxable Salary Slab` (
			name varchar(140) primary key,
			creation datetime(6),
			modified datetime(6),
			modified_by varchar(140),
			owner varchar(140),
			docstatus tinyint not null default '0',
			idx int not null default '0',
			`from_amount` decimal(21,9) NOT NULL DEFAULT 0.0,
`to_amount` decimal(21,9) NOT NULL DEFAULT 0.0,
`percent_deduction` decimal(21,9) NOT NULL DEFAULT 0.0,
`condition` longtext,
parent varchar(140),
parentfield varchar(140),
parenttype varchar(140),
index parent(parent))
			ENGINE=InnoDB
			ROW_FORMAT=DYNAMIC
			CHARACTER SET=utf8mb4
			COLLATE=utf8mb4_unicode_ci
2025-02-27 10:19:48,122 WARNING database DDL Query made to DB:
create table `tabEmployee Incentive` (
			name varchar(140) primary key,
			creation datetime(6),
			modified datetime(6),
			modified_by varchar(140),
			owner varchar(140),
			docstatus tinyint not null default '0',
			idx int not null default '0',
			`employee` varchar(140),
`employee_name` varchar(140),
`amended_from` varchar(140),
`company` varchar(140),
`department` varchar(140),
`salary_component` varchar(140),
`currency` varchar(140),
`payroll_date` date,
`incentive_amount` decimal(21,9) NOT NULL DEFAULT 0.0,
`_user_tags` text,
`_comments` text,
`_assign` text,
`_liked_by` text,
index creation(creation))
			ENGINE=InnoDB
			ROW_FORMAT=DYNAMIC
			CHARACTER SET=utf8mb4
			COLLATE=utf8mb4_unicode_ci
2025-02-27 10:19:48,856 WARNING database DDL Query made to DB:
ALTER TABLE `tabDepartment` ADD COLUMN `payroll_cost_center` varchar(140), ADD COLUMN `leave_block_list` varchar(140)
2025-02-27 10:19:48,867 WARNING database DDL Query made to DB:
ALTER TABLE `tabDepartment` MODIFY `rgt` int NOT NULL DEFAULT 0, MODIFY `is_group` tinyint NOT NULL DEFAULT 0, MODIFY `disabled` tinyint NOT NULL DEFAULT 0, MODIFY `lft` int NOT NULL DEFAULT 0
2025-02-27 10:19:48,909 WARNING database DDL Query made to DB:
ALTER TABLE `tabTimesheet` ADD COLUMN `salary_slip` varchar(140)
2025-02-27 10:19:48,920 WARNING database DDL Query made to DB:
ALTER TABLE `tabTimesheet` MODIFY `total_billed_amount` decimal(21,9) NOT NULL DEFAULT 0.0, MODIFY `total_billed_hours` decimal(21,9) NOT NULL DEFAULT 0.0, MODIFY `exchange_rate` decimal(21,9) NOT NULL DEFAULT 1.0, MODIFY `total_billable_amount` decimal(21,9) NOT NULL DEFAULT 0.0, MODIFY `total_billable_hours` decimal(21,9) NOT NULL DEFAULT 0.0, MODIFY `base_total_billable_amount` decimal(21,9) NOT NULL DEFAULT 0.0, MODIFY `total_costing_amount` decimal(21,9) NOT NULL DEFAULT 0.0, MODIFY `base_total_costing_amount` decimal(21,9) NOT NULL DEFAULT 0.0, MODIFY `base_total_billed_amount` decimal(21,9) NOT NULL DEFAULT 0.0, MODIFY `per_billed` decimal(21,9) NOT NULL DEFAULT 0.0, MODIFY `total_hours` decimal(21,9) NOT NULL DEFAULT 0.0
2025-02-27 10:19:48,955 WARNING database DDL Query made to DB:
ALTER TABLE `tabDesignation` ADD COLUMN `appraisal_template` varchar(140)
2025-02-27 10:19:48,999 WARNING database DDL Query made to DB:
ALTER TABLE `tabCompany` ADD COLUMN `default_expense_claim_payable_account` varchar(140), ADD COLUMN `default_employee_advance_account` varchar(140), ADD COLUMN `default_payroll_payable_account` varchar(140)
2025-02-27 10:19:49,010 WARNING database DDL Query made to DB:
ALTER TABLE `tabCompany` MODIFY `lft` int NOT NULL DEFAULT 0, MODIFY `auto_exchange_rate_revaluation` tinyint NOT NULL DEFAULT 0, MODIFY `submit_err_jv` tinyint NOT NULL DEFAULT 0, MODIFY `enable_perpetual_inventory` tinyint NOT NULL DEFAULT 1, MODIFY `enable_provisional_accounting_for_non_stock_items` tinyint NOT NULL DEFAULT 0, MODIFY `book_advance_payments_in_separate_party_account` tinyint NOT NULL DEFAULT 0, MODIFY `monthly_sales_target` decimal(21,9) NOT NULL DEFAULT 0.0, MODIFY `credit_limit` decimal(21,9) NOT NULL DEFAULT 0.0, MODIFY `is_group` tinyint NOT NULL DEFAULT 0, MODIFY `total_monthly_sales` decimal(21,9) NOT NULL DEFAULT 0.0, MODIFY `reconcile_on_advance_payment_date` tinyint NOT NULL DEFAULT 0, MODIFY `rgt` int NOT NULL DEFAULT 0, MODIFY `allow_account_creation_against_child_company` tinyint NOT NULL DEFAULT 0
2025-02-27 10:19:49,099 WARNING database DDL Query made to DB:
ALTER TABLE `tabEmployee` ADD COLUMN `employment_type` varchar(140), ADD COLUMN `grade` varchar(140), ADD COLUMN `job_applicant` varchar(140), ADD COLUMN `default_shift` varchar(140), ADD COLUMN `expense_approver` varchar(140), ADD COLUMN `leave_approver` varchar(140), ADD COLUMN `shift_request_approver` varchar(140), ADD COLUMN `payroll_cost_center` varchar(140), ADD COLUMN `health_insurance_provider` varchar(140), ADD COLUMN `health_insurance_no` varchar(140)
2025-02-27 10:19:49,110 WARNING database DDL Query made to DB:
ALTER TABLE `tabEmployee` MODIFY `lft` int NOT NULL DEFAULT 0, MODIFY `ctc` decimal(21,9) NOT NULL DEFAULT 0.0, MODIFY `notice_number_of_days` int NOT NULL DEFAULT 0, MODIFY `create_user_permission` tinyint NOT NULL DEFAULT 1, MODIFY `unsubscribed` tinyint NOT NULL DEFAULT 0, MODIFY `rgt` int NOT NULL DEFAULT 0
2025-02-27 10:19:49,141 WARNING database DDL Query made to DB:
ALTER TABLE `tabProject` ADD COLUMN `total_expense_claim` decimal(21,9) NOT NULL DEFAULT 0.0
2025-02-27 10:19:49,152 WARNING database DDL Query made to DB:
ALTER TABLE `tabProject` MODIFY `total_purchase_cost` decimal(21,9) NOT NULL DEFAULT 0.0, MODIFY `estimated_costing` decimal(21,9) NOT NULL DEFAULT 0.0, MODIFY `total_sales_amount` decimal(21,9) NOT NULL DEFAULT 0.0, MODIFY `total_consumed_material_cost` decimal(21,9) NOT NULL DEFAULT 0.0, MODIFY `percent_complete` decimal(21,9) NOT NULL DEFAULT 0.0, MODIFY `actual_time` decimal(21,9) NOT NULL DEFAULT 0.0, MODIFY `total_billable_amount` decimal(21,9) NOT NULL DEFAULT 0.0, MODIFY `gross_margin` decimal(21,9) NOT NULL DEFAULT 0.0, MODIFY `per_gross_margin` decimal(21,9) NOT NULL DEFAULT 0.0, MODIFY `total_billed_amount` decimal(21,9) NOT NULL DEFAULT 0.0, MODIFY `collect_progress` tinyint NOT NULL DEFAULT 0, MODIFY `total_costing_amount` decimal(21,9) NOT NULL DEFAULT 0.0
2025-02-27 10:19:49,187 WARNING database DDL Query made to DB:
ALTER TABLE `tabTask` ADD COLUMN `total_expense_claim` decimal(21,9) NOT NULL DEFAULT 0.0
2025-02-27 10:19:49,198 WARNING database DDL Query made to DB:
ALTER TABLE `tabTask` MODIFY `actual_time` decimal(21,9) NOT NULL DEFAULT 0.0, MODIFY `is_group` tinyint NOT NULL DEFAULT 0, MODIFY `is_milestone` tinyint NOT NULL DEFAULT 0, MODIFY `total_billing_amount` decimal(21,9) NOT NULL DEFAULT 0.0, MODIFY `duration` int NOT NULL DEFAULT 0, MODIFY `total_costing_amount` decimal(21,9) NOT NULL DEFAULT 0.0, MODIFY `rgt` int NOT NULL DEFAULT 0, MODIFY `lft` int NOT NULL DEFAULT 0, MODIFY `task_weight` decimal(21,9) NOT NULL DEFAULT 0.0, MODIFY `progress` decimal(21,9) NOT NULL DEFAULT 0.0, MODIFY `is_template` tinyint NOT NULL DEFAULT 0, MODIFY `expected_time` decimal(21,9) NOT NULL DEFAULT 0.0, MODIFY `start` int NOT NULL DEFAULT 0
2025-02-27 10:19:49,226 WARNING database DDL Query made to DB:
ALTER TABLE `tabTerms and Conditions` ADD COLUMN `hr` tinyint NOT NULL DEFAULT 1
2025-02-27 10:19:49,238 WARNING database DDL Query made to DB:
ALTER TABLE `tabTerms and Conditions` MODIFY `disabled` tinyint NOT NULL DEFAULT 0, MODIFY `buying` tinyint NOT NULL DEFAULT 1, MODIFY `selling` tinyint NOT NULL DEFAULT 1
